#
# A fatal error has been detected by the Java Runtime Environment:
#
#  EXCEPTION_ACCESS_VIOLATION (0xc0000005) at pc=0x0000000062cd4419, pid=9288, tid=3736
#
# JRE version: Java(TM) SE Runtime Environment (7.0_45-b18) (build 1.7.0_45-b18)
# Java VM: Java HotSpot(TM) 64-Bit Server VM (24.45-b08 mixed mode windows-amd64 compressed oops)
# Problematic frame:
# V  [jvm.dll+0x54419]
#
# Failed to write core dump. Minidumps are not enabled by default on client versions of Windows
#
# If you would like to submit a bug report, please visit:
#   http://bugreport.sun.com/bugreport/crash.jsp
#

---------------  T H R E A D  ---------------

Current thread (0x0000000008ee9000):  JavaThread "JDWP Transport Listener: dt_socket" daemon [_thread_in_vm, id=3736, stack(0x000000000a430000,0x000000000a530000)]

siginfo: ExceptionCode=0xc0000005, reading address 0x000000000000000c

Registers:
RAX=0x000000000000000c, RBX=0x0000000008ee9000, RCX=0x0000000000000000, RDX=0x0000000000000000
RSP=0x000000000a52f730, RBP=0x000000000000000c, RSI=0x0000000000000000, RDI=0x0000000000000010
R8 =0x00000000ef001238, R9 =0x0000000000000000, R10=0x0000000000000000, R11=0x0000000000000001
R12=0x0000000000000000, R13=0x0000000008edfa58, R14=0x0000000000000000, R15=0x0000000000000000
RIP=0x0000000062cd4419, EFLAGS=0x0000000000010246

Top of Stack: (sp=0x000000000a52f730)
0x000000000a52f730:   0000000008ee9000 0000000000000000
0x000000000a52f740:   0000000000000000 0000000008ee9000
0x000000000a52f750:   0000000000000000 0000000062d9b2b7
0x000000000a52f760:   00000000ef001238 000000000a52f880
0x000000000a52f770:   0000000008e944f0 000000000a52f850
0x000000000a52f780:   0000000008ee9000 0000000000000000
0x000000000a52f790:   0000000008e944f0 000000000a52f880
0x000000000a52f7a0:   0000000000000000 0000000008edfa58
0x000000000a52f7b0:   0000000000000000 00000000629b7d15
0x000000000a52f7c0:   000000000a52f850 000000000a52f880
0x000000000a52f7d0:   0000000008e944f0 0000000008ee91e8
0x000000000a52f7e0:   000000000bbb100a 00000000629bf08c
0x000000000a52f7f0:   0000000008010a01 000000000a52f8f0
0x000000000a52f800:   0000000008edf601 0000000011134cc0
0x000000000a52f810:   000008a700000013 0000000008010a00
0x000000000a52f820:   000000000b2cd060 0000000062e4cc7d 

Instructions: (pc=0x0000000062cd4419)
0x0000000062cd43f9:   d2 48 8b c5 eb 18 48 8b d0 48 8b c5 48 d3 e2 48
0x0000000062cd4409:   03 15 a1 74 69 00 eb 06 48 8b 12 48 8b c7 48 98
0x0000000062cd4419:   8b 14 10 85 d2 74 2a 45 84 db 4c 63 c6 48 0f 45
0x0000000062cd4429:   fd 8d 47 0b 48 63 c8 48 83 e1 f8 48 c1 e9 03 8d 


Register to memory mapping:

RAX=0x000000000000000c is an unknown value
RBX=0x0000000008ee9000 is a thread
RCX=0x0000000000000000 is an unknown value
RDX=0x0000000000000000 is an unknown value
RSP=0x000000000a52f730 is pointing into the stack for thread: 0x0000000008ee9000
RBP=0x000000000000000c is an unknown value
RSI=0x0000000000000000 is an unknown value
RDI=0x0000000000000010 is an unknown value
R8 =0x00000000ef001238 is an oop
java.lang.String 
 - klass: 'java/lang/String'
R9 =0x0000000000000000 is an unknown value
R10=0x0000000000000000 is an unknown value
R11=0x0000000000000001 is an unknown value
R12=0x0000000000000000 is an unknown value
R13=0x0000000008edfa58 is an unknown value
R14=0x0000000000000000 is an unknown value
R15=0x0000000000000000 is an unknown value


Stack: [0x000000000a430000,0x000000000a530000],  sp=0x000000000a52f730,  free space=1021k
Native frames: (J=compiled Java code, j=interpreted, Vv=VM code, C=native code)
V  [jvm.dll+0x54419]


---------------  P R O C E S S  ---------------

Java Threads: ( => current thread )
  0x000000001138a800 JavaThread "Timer-0" daemon [_thread_blocked, id=12188, stack(0x0000000013b80000,0x0000000013c80000)]
  0x0000000011386000 JavaThread "cronScheduler_QuartzSchedulerThread" [_thread_blocked, id=13664, stack(0x0000000012a60000,0x0000000012b60000)]
  0x0000000011385800 JavaThread "cronScheduler_Worker-10" [_thread_blocked, id=12820, stack(0x0000000012860000,0x0000000012960000)]
  0x0000000011387800 JavaThread "cronScheduler_Worker-9" [_thread_blocked, id=8500, stack(0x0000000012760000,0x0000000012860000)]
  0x000000001138a000 JavaThread "cronScheduler_Worker-8" [_thread_blocked, id=9680, stack(0x0000000012660000,0x0000000012760000)]
  0x0000000011388800 JavaThread "cronScheduler_Worker-7" [_thread_blocked, id=9316, stack(0x0000000012560000,0x0000000012660000)]
  0x0000000011387000 JavaThread "cronScheduler_Worker-6" [_thread_blocked, id=10156, stack(0x000000000cd00000,0x000000000ce00000)]
  0x0000000011389000 JavaThread "cronScheduler_Worker-5" [_thread_blocked, id=11708, stack(0x000000000cc00000,0x000000000cd00000)]
  0x0000000011384000 JavaThread "cronScheduler_Worker-4" [_thread_blocked, id=2244, stack(0x000000000cb00000,0x000000000cc00000)]
  0x000000000b9d9800 JavaThread "cronScheduler_Worker-3" [_thread_blocked, id=14668, stack(0x000000000ca00000,0x000000000cb00000)]
  0x000000000b9d8800 JavaThread "cronScheduler_Worker-2" [_thread_blocked, id=14356, stack(0x000000000c900000,0x000000000ca00000)]
  0x000000000b5b7000 JavaThread "cronScheduler_Worker-1" [_thread_blocked, id=7424, stack(0x000000000c800000,0x000000000c900000)]
  0x000000001137b000 JavaThread "Prototyper" daemon [_thread_blocked, id=15224, stack(0x000000000ef10000,0x000000000f010000)]
  0x000000000f145000 JavaThread "HouseKeeper" daemon [_thread_blocked, id=9688, stack(0x000000000ee10000,0x000000000ef10000)]
  0x000000000b704800 JavaThread "Thread-4" daemon [_thread_blocked, id=13860, stack(0x0000000012460000,0x0000000012560000)]
  0x000000000edfe000 JavaThread "Thread-3" daemon [_thread_blocked, id=8900, stack(0x0000000012360000,0x0000000012460000)]
  0x000000000b971800 JavaThread "Thread-2" daemon [_thread_blocked, id=9520, stack(0x0000000012260000,0x0000000012360000)]
  0x000000000b2b7800 JavaThread "Thread-1" daemon [_thread_blocked, id=13352, stack(0x0000000012160000,0x0000000012260000)]
  0x000000000da5f000 JavaThread "Abandoned connection cleanup thread" daemon [_thread_blocked, id=12628, stack(0x0000000012060000,0x0000000012160000)]
  0x000000000ae02000 JavaThread "ReaderThread" [_thread_in_native, id=4196, stack(0x000000000b730000,0x000000000b830000)]
  0x0000000008f12000 JavaThread "Service Thread" daemon [_thread_blocked, id=9548, stack(0x000000000a930000,0x000000000aa30000)]
  0x0000000008f11000 JavaThread "C2 CompilerThread1" daemon [_thread_blocked, id=3648, stack(0x000000000a830000,0x000000000a930000)]
  0x0000000008f0f800 JavaThread "C2 CompilerThread0" daemon [_thread_blocked, id=12676, stack(0x000000000a730000,0x000000000a830000)]
  0x0000000008efa000 JavaThread "JDWP Command Reader" daemon [_thread_in_native, id=7444, stack(0x000000000a630000,0x000000000a730000)]
  0x0000000008ef6000 JavaThread "JDWP Event Helper Thread" daemon [_thread_blocked, id=9592, stack(0x000000000a530000,0x000000000a630000)]
=>0x0000000008ee9000 JavaThread "JDWP Transport Listener: dt_socket" daemon [_thread_in_vm, id=3736, stack(0x000000000a430000,0x000000000a530000)]
  0x0000000008ee2000 JavaThread "Attach Listener" daemon [_thread_blocked, id=10404, stack(0x000000000a330000,0x000000000a430000)]
  0x0000000008edf000 JavaThread "Signal Dispatcher" daemon [_thread_blocked, id=11072, stack(0x000000000a230000,0x000000000a330000)]
  0x0000000008e92000 JavaThread "Finalizer" daemon [_thread_blocked, id=2604, stack(0x000000000a130000,0x000000000a230000)]
  0x0000000008e86000 JavaThread "Reference Handler" daemon [_thread_blocked, id=7476, stack(0x000000000a030000,0x000000000a130000)]
  0x00000000030f3800 JavaThread "main" [_thread_blocked, id=13580, stack(0x0000000002c20000,0x0000000002d20000)]

Other Threads:
  0x0000000008e83800 VMThread [stack: 0x0000000009f30000,0x000000000a030000] [id=7348]
  0x000000000aa48800 WatcherThread [stack: 0x000000000ae30000,0x000000000af30000] [id=10464]

VM state:not at safepoint (normal execution)

VM Mutex/Monitor currently owned by a thread: None

Heap
 PSYoungGen      total 68096K, used 66185K [0x00000000eb300000, 0x00000000f4900000, 0x0000000100000000)
  eden space 65536K, 97% used [0x00000000eb300000,0x00000000ef126008,0x00000000ef300000)
  from space 2560K, 99% used [0x00000000ef300000,0x00000000ef57c480,0x00000000ef580000)
  to   space 11264K, 0% used [0x00000000f3e00000,0x00000000f3e00000,0x00000000f4900000)
 ParOldGen       total 42496K, used 17133K [0x00000000c1a00000, 0x00000000c4380000, 0x00000000eb300000)
  object space 42496K, 40% used [0x00000000c1a00000,0x00000000c2abb7a0,0x00000000c4380000)
 PSPermGen       total 29696K, used 29477K [0x00000000bc800000, 0x00000000be500000, 0x00000000c1a00000)
  object space 29696K, 99% used [0x00000000bc800000,0x00000000be4c9708,0x00000000be500000)

Card table byte_map: [0x00000000061f0000,0x0000000006410000] byte_map_base: 0x0000000005c0c000

Polling page: 0x0000000001400000

Code Cache  [0x00000000031f0000, 0x0000000003460000, 0x00000000061f0000)
 total_blobs=801 nmethods=383 adapters=377 free_code_cache=47257Kb largest_free_block=48340160

Compilation events (10 events):
Event: 3.752 Thread 0x0000000008f0f800 nmethod 390 0x00000000033cce90 code [0x00000000033ccfc0, 0x00000000033cd018]
Event: 3.752 Thread 0x0000000008f11000 nmethod 389 0x00000000033ccc50 code [0x00000000033ccd80, 0x00000000033ccdd8]
Event: 3.774 Thread 0x0000000008f11000  391             java.lang.Object::equals (11 bytes)
Event: 3.774 Thread 0x0000000008f11000 nmethod 391 0x00000000033cc9d0 code [0x00000000033ccb00, 0x00000000033ccb58]
Event: 3.781 Thread 0x0000000008f0f800  392             java.nio.Buffer::position (43 bytes)
Event: 3.782 Thread 0x0000000008f0f800 nmethod 392 0x00000000033c6c50 code [0x00000000033c6d80, 0x00000000033c6e18]
Event: 3.785 Thread 0x0000000008f11000  393             java.text.MessageFormat::applyPattern (422 bytes)
Event: 3.801 Thread 0x0000000008f0f800  394             org.apache.log4j.Category::getEffectiveLevel (28 bytes)
Event: 3.801 Thread 0x0000000008f0f800 nmethod 394 0x0000000003282690 code [0x00000000032827c0, 0x0000000003282858]
Event: 3.805 Thread 0x0000000008f11000 nmethod 393 0x00000000033d2f50 code [0x00000000033d31c0, 0x00000000033d4ca0]

GC Heap History (10 events):
Event: 0.480 GC heap before
{Heap before GC invocations=1 (full 0):
 PSYoungGen      total 18944K, used 16384K [0x00000000eb300000, 0x00000000ec800000, 0x0000000100000000)
  eden space 16384K, 100% used [0x00000000eb300000,0x00000000ec300000,0x00000000ec300000)
  from space 2560K, 0% used [0x00000000ec580000,0x00000000ec580000,0x00000000ec800000)
  to   space 2560K, 0% used [0x00000000ec300000,0x00000000ec300000,0x00000000ec580000)
 ParOldGen       total 42496K, used 0K [0x00000000c1a00000, 0x00000000c4380000, 0x00000000eb300000)
  object space 42496K, 0% used [0x00000000c1a00000,0x00000000c1a00000,0x00000000c4380000)
 PSPermGen       total 21504K, used 5841K [0x00000000bc800000, 0x00000000bdd00000, 0x00000000c1a00000)
  object space 21504K, 27% used [0x00000000bc800000,0x00000000bcdb45c8,0x00000000bdd00000)
Event: 0.488 GC heap after
Heap after GC invocations=1 (full 0):
 PSYoungGen      total 18944K, used 2549K [0x00000000eb300000, 0x00000000ed800000, 0x0000000100000000)
  eden space 16384K, 0% used [0x00000000eb300000,0x00000000eb300000,0x00000000ec300000)
  from space 2560K, 99% used [0x00000000ec300000,0x00000000ec57d6b0,0x00000000ec580000)
  to   space 2560K, 0% used [0x00000000ed580000,0x00000000ed580000,0x00000000ed800000)
 ParOldGen       total 42496K, used 407K [0x00000000c1a00000, 0x00000000c4380000, 0x00000000eb300000)
  object space 42496K, 0% used [0x00000000c1a00000,0x00000000c1a65d88,0x00000000c4380000)
 PSPermGen       total 21504K, used 5841K [0x00000000bc800000, 0x00000000bdd00000, 0x00000000c1a00000)
  object space 21504K, 27% used [0x00000000bc800000,0x00000000bcdb45c8,0x00000000bdd00000)
}
Event: 0.832 GC heap before
{Heap before GC invocations=2 (full 0):
 PSYoungGen      total 18944K, used 18933K [0x00000000eb300000, 0x00000000ed800000, 0x0000000100000000)
  eden space 16384K, 100% used [0x00000000eb300000,0x00000000ec300000,0x00000000ec300000)
  from space 2560K, 99% used [0x00000000ec300000,0x00000000ec57d6b0,0x00000000ec580000)
  to   space 2560K, 0% used [0x00000000ed580000,0x00000000ed580000,0x00000000ed800000)
 ParOldGen       total 42496K, used 407K [0x00000000c1a00000, 0x00000000c4380000, 0x00000000eb300000)
  object space 42496K, 0% used [0x00000000c1a00000,0x00000000c1a65d88,0x00000000c4380000)
 PSPermGen       total 21504K, used 10542K [0x00000000bc800000, 0x00000000bdd00000, 0x00000000c1a00000)
  object space 21504K, 49% used [0x00000000bc800000,0x00000000bd24bbb0,0x00000000bdd00000)
Event: 0.836 GC heap after
Heap after GC invocations=2 (full 0):
 PSYoungGen      total 35328K, used 2544K [0x00000000eb300000, 0x00000000ed800000, 0x0000000100000000)
  eden space 32768K, 0% used [0x00000000eb300000,0x00000000eb300000,0x00000000ed300000)
  from space 2560K, 99% used [0x00000000ed580000,0x00000000ed7fc2b0,0x00000000ed800000)
  to   space 2560K, 0% used [0x00000000ed300000,0x00000000ed300000,0x00000000ed580000)
 ParOldGen       total 42496K, used 1447K [0x00000000c1a00000, 0x00000000c4380000, 0x00000000eb300000)
  object space 42496K, 3% used [0x00000000c1a00000,0x00000000c1b69d00,0x00000000c4380000)
 PSPermGen       total 21504K, used 10542K [0x00000000bc800000, 0x00000000bdd00000, 0x00000000c1a00000)
  object space 21504K, 49% used [0x00000000bc800000,0x00000000bd24bbb0,0x00000000bdd00000)
}
Event: 1.206 GC heap before
{Heap before GC invocations=3 (full 0):
 PSYoungGen      total 35328K, used 35312K [0x00000000eb300000, 0x00000000ed800000, 0x0000000100000000)
  eden space 32768K, 100% used [0x00000000eb300000,0x00000000ed300000,0x00000000ed300000)
  from space 2560K, 99% used [0x00000000ed580000,0x00000000ed7fc2b0,0x00000000ed800000)
  to   space 2560K, 0% used [0x00000000ed300000,0x00000000ed300000,0x00000000ed580000)
 ParOldGen       total 42496K, used 1447K [0x00000000c1a00000, 0x00000000c4380000, 0x00000000eb300000)
  object space 42496K, 3% used [0x00000000c1a00000,0x00000000c1b69d00,0x00000000c4380000)
 PSPermGen       total 21504K, used 14010K [0x00000000bc800000, 0x00000000bdd00000, 0x00000000c1a00000)
  object space 21504K, 65% used [0x00000000bc800000,0x00000000bd5ae958,0x00000000bdd00000)
Event: 1.214 GC heap after
Heap after GC invocations=3 (full 0):
 PSYoungGen      total 35328K, used 2537K [0x00000000eb300000, 0x00000000ef800000, 0x0000000100000000)
  eden space 32768K, 0% used [0x00000000eb300000,0x00000000eb300000,0x00000000ed300000)
  from space 2560K, 99% used [0x00000000ed300000,0x00000000ed57a6b8,0x00000000ed580000)
  to   space 2560K, 0% used [0x00000000ef580000,0x00000000ef580000,0x00000000ef800000)
 ParOldGen       total 42496K, used 4294K [0x00000000c1a00000, 0x00000000c4380000, 0x00000000eb300000)
  object space 42496K, 10% used [0x00000000c1a00000,0x00000000c1e31b40,0x00000000c4380000)
 PSPermGen       total 21504K, used 14010K [0x00000000bc800000, 0x00000000bdd00000, 0x00000000c1a00000)
  object space 21504K, 65% used [0x00000000bc800000,0x00000000bd5ae958,0x00000000bdd00000)
}
Event: 1.829 GC heap before
{Heap before GC invocations=4 (full 0):
 PSYoungGen      total 35328K, used 35305K [0x00000000eb300000, 0x00000000ef800000, 0x0000000100000000)
  eden space 32768K, 100% used [0x00000000eb300000,0x00000000ed300000,0x00000000ed300000)
  from space 2560K, 99% used [0x00000000ed300000,0x00000000ed57a6b8,0x00000000ed580000)
  to   space 2560K, 0% used [0x00000000ef580000,0x00000000ef580000,0x00000000ef800000)
 ParOldGen       total 42496K, used 4294K [0x00000000c1a00000, 0x00000000c4380000, 0x00000000eb300000)
  object space 42496K, 10% used [0x00000000c1a00000,0x00000000c1e31b40,0x00000000c4380000)
 PSPermGen       total 21504K, used 20287K [0x00000000bc800000, 0x00000000bdd00000, 0x00000000c1a00000)
  object space 21504K, 94% used [0x00000000bc800000,0x00000000bdbcfea0,0x00000000bdd00000)
Event: 1.838 GC heap after
Heap after GC invocations=4 (full 0):
 PSYoungGen      total 68096K, used 2545K [0x00000000eb300000, 0x00000000ef800000, 0x0000000100000000)
  eden space 65536K, 0% used [0x00000000eb300000,0x00000000eb300000,0x00000000ef300000)
  from space 2560K, 99% used [0x00000000ef580000,0x00000000ef7fc708,0x00000000ef800000)
  to   space 2560K, 0% used [0x00000000ef300000,0x00000000ef300000,0x00000000ef580000)
 ParOldGen       total 42496K, used 10618K [0x00000000c1a00000, 0x00000000c4380000, 0x00000000eb300000)
  object space 42496K, 24% used [0x00000000c1a00000,0x00000000c245ea18,0x00000000c4380000)
 PSPermGen       total 21504K, used 20287K [0x00000000bc800000, 0x00000000bdd00000, 0x00000000c1a00000)
  object space 21504K, 94% used [0x00000000bc800000,0x00000000bdbcfea0,0x00000000bdd00000)
}
Event: 2.715 GC heap before
{Heap before GC invocations=5 (full 0):
 PSYoungGen      total 68096K, used 68081K [0x00000000eb300000, 0x00000000ef800000, 0x0000000100000000)
  eden space 65536K, 100% used [0x00000000eb300000,0x00000000ef300000,0x00000000ef300000)
  from space 2560K, 99% used [0x00000000ef580000,0x00000000ef7fc708,0x00000000ef800000)
  to   space 2560K, 0% used [0x00000000ef300000,0x00000000ef300000,0x00000000ef580000)
 ParOldGen       total 42496K, used 10618K [0x00000000c1a00000, 0x00000000c4380000, 0x00000000eb300000)
  object space 42496K, 24% used [0x00000000c1a00000,0x00000000c245ea18,0x00000000c4380000)
 PSPermGen       total 26112K, used 25672K [0x00000000bc800000, 0x00000000be180000, 0x00000000c1a00000)
  object space 26112K, 98% used [0x00000000bc800000,0x00000000be112368,0x00000000be180000)
Event: 2.725 GC heap after
Heap after GC invocations=5 (full 0):
 PSYoungGen      total 68096K, used 2545K [0x00000000eb300000, 0x00000000f4900000, 0x0000000100000000)
  eden space 65536K, 0% used [0x00000000eb300000,0x00000000eb300000,0x00000000ef300000)
  from space 2560K, 99% used [0x00000000ef300000,0x00000000ef57c480,0x00000000ef580000)
  to   space 11264K, 0% used [0x00000000f3e00000,0x00000000f3e00000,0x00000000f4900000)
 ParOldGen       total 42496K, used 17133K [0x00000000c1a00000, 0x00000000c4380000, 0x00000000eb300000)
  object space 42496K, 40% used [0x00000000c1a00000,0x00000000c2abb7a0,0x00000000c4380000)
 PSPermGen       total 26112K, used 25672K [0x00000000bc800000, 0x00000000be180000, 0x00000000c1a00000)
  object space 26112K, 98% used [0x00000000bc800000,0x00000000be112368,0x00000000be180000)
}

Deoptimization events (10 events):
Event: 3.408 Thread 0x00000000030f3800 Uncommon trap: reason=range_check action=none pc=0x00000000032ae30c method=sun.reflect.generics.parser.SignatureParser.current()C @ 34
Event: 3.409 Thread 0x00000000030f3800 Uncommon trap: reason=range_check action=none pc=0x00000000032ae30c method=sun.reflect.generics.parser.SignatureParser.current()C @ 34
Event: 3.411 Thread 0x00000000030f3800 Uncommon trap: reason=range_check action=none pc=0x00000000032ae30c method=sun.reflect.generics.parser.SignatureParser.current()C @ 34
Event: 3.411 Thread 0x00000000030f3800 Uncommon trap: reason=range_check action=none pc=0x00000000032ae30c method=sun.reflect.generics.parser.SignatureParser.current()C @ 34
Event: 3.441 Thread 0x00000000030f3800 Uncommon trap: reason=range_check action=none pc=0x00000000032ae30c method=sun.reflect.generics.parser.SignatureParser.current()C @ 34
Event: 3.709 Thread 0x00000000030f3800 Uncommon trap: reason=predicate action=maybe_recompile pc=0x000000000336f488 method=java.util.Arrays$ArrayList.indexOf(Ljava/lang/Object;)I @ 46
Event: 4.515 Thread 0x000000001138a800 Uncommon trap: reason=bimorphic action=maybe_recompile pc=0x00000000032b6930 method=java.net.URL.<init>(Ljava/net/URL;Ljava/lang/String;Ljava/net/URLStreamHandler;)V @ 504
Event: 4.515 Thread 0x000000001138a800 Uncommon trap: reason=unreached action=reinterpret pc=0x000000000339d4ac method=java.net.URL.set(Ljava/lang/String;Ljava/lang/String;ILjava/lang/String;Ljava/lang/String;Ljava/lang/String;Ljava/lang/String;Ljava/lang/String;)V @ 23
Event: 6.571 Thread 0x000000000f145000 Uncommon trap: reason=unloaded action=reinterpret pc=0x0000000003265004 method=java.util.ArrayList.rangeCheck(I)V @ 8
Event: 16.571 Thread 0x000000000f145000 Uncommon trap: reason=unloaded action=reinterpret pc=0x00000000032655c4 method=java.util.ArrayList.rangeCheck(I)V @ 8

Internal exceptions (10 events):
Event: 3.805 Thread 0x00000000030f3800 Threw 0x00000000eefeb218 at C:\re\jdk7u45\229\hotspot\src\share\vm\prims\jvm.cpp:1244
Event: 3.805 Thread 0x00000000030f3800 Threw 0x00000000eeff2290 at C:\re\jdk7u45\229\hotspot\src\share\vm\prims\jvm.cpp:1244
Event: 3.805 Thread 0x00000000030f3800 Threw 0x00000000eeffac50 at C:\re\jdk7u45\229\hotspot\src\share\vm\prims\jvm.cpp:1244
Event: 4.520 Thread 0x000000001138a800 Threw 0x00000000ef033c18 at C:\re\jdk7u45\229\hotspot\src\share\vm\prims\jvm.cpp:1244
Event: 4.521 Thread 0x000000001138a800 Threw 0x00000000ef03b8b8 at C:\re\jdk7u45\229\hotspot\src\share\vm\prims\jvm.cpp:1244
Event: 4.522 Thread 0x000000001138a800 Threw 0x00000000ef044838 at C:\re\jdk7u45\229\hotspot\src\share\vm\prims\jvm.cpp:1244
Event: 4.522 Thread 0x000000001138a800 Threw 0x00000000ef04c978 at C:\re\jdk7u45\229\hotspot\src\share\vm\prims\jvm.cpp:1244
Event: 4.522 Thread 0x000000001138a800 Threw 0x00000000ef055ed8 at C:\re\jdk7u45\229\hotspot\src\share\vm\prims\jvm.cpp:1244
Event: 4.523 Thread 0x000000001138a800 Threw 0x00000000ef05e848 at C:\re\jdk7u45\229\hotspot\src\share\vm\prims\jvm.cpp:1244
Event: 7.535 Thread 0x000000001138a800 Threw 0x00000000ef06d1c0 at C:\re\jdk7u45\229\hotspot\src\share\vm\prims\jni.cpp:743

Events (10 events):
Event: 28.848 Executing VM operation: GetCurrentLocation
Event: 28.848 Executing VM operation: GetCurrentLocation done
Event: 28.848 Executing VM operation: ChangeSingleStep
Event: 28.848 Executing VM operation: ChangeSingleStep done
Event: 28.848 Executing VM operation: ChangeSingleStep
Event: 28.848 Executing VM operation: ChangeSingleStep done
Event: 28.877 Executing VM operation: GetOrSetLocal
Event: 28.877 Executing VM operation: GetOrSetLocal done
Event: 28.879 Executing VM operation: GetOrSetLocal
Event: 28.879 Executing VM operation: GetOrSetLocal done


Dynamic libraries:
0x00007ff7066a0000 - 0x00007ff7066d3000 	D:\Program Files\Myeclipse\binary\com.sun.java.jdk7.win32.x86_64_1.7.0.u45\bin\javaw.exe
0x00007ffa55680000 - 0x00007ffa55842000 	C:\Windows\SYSTEM32\ntdll.dll
0x00007ffa53190000 - 0x00007ffa5323d000 	C:\Windows\system32\KERNEL32.DLL
0x00007ffa52b70000 - 0x00007ffa52d4d000 	C:\Windows\system32\KERNELBASE.dll
0x00007ffa55070000 - 0x00007ffa55116000 	C:\Windows\system32\ADVAPI32.dll
0x00007ffa54fb0000 - 0x00007ffa5504d000 	C:\Windows\system32\msvcrt.dll
0x00007ffa54ef0000 - 0x00007ffa54f4b000 	C:\Windows\system32\sechost.dll
0x00007ffa53060000 - 0x00007ffa53186000 	C:\Windows\system32\RPCRT4.dll
0x00007ffa55120000 - 0x00007ffa5526e000 	C:\Windows\system32\USER32.dll
0x00007ffa54d60000 - 0x00007ffa54ee5000 	C:\Windows\system32\GDI32.dll
0x00007ffa46a30000 - 0x00007ffa46ca4000 	C:\Windows\WinSxS\amd64_microsoft.windows.common-controls_6595b64144ccf1df_6.0.10240.16384_none_f41f7b285750ef43\COMCTL32.dll
0x00007ffa54cb0000 - 0x00007ffa54ce6000 	C:\Windows\system32\IMM32.DLL
0x00007ffa53540000 - 0x00007ffa5369c000 	C:\Windows\system32\MSCTF.dll
0x0000000063450000 - 0x0000000063522000 	D:\Program Files\Myeclipse\binary\com.sun.java.jdk7.win32.x86_64_1.7.0.u45\jre\bin\msvcr100.dll
0x0000000062c80000 - 0x0000000063449000 	D:\Program Files\Myeclipse\binary\com.sun.java.jdk7.win32.x86_64_1.7.0.u45\jre\bin\server\jvm.dll
0x00007ffa52d50000 - 0x00007ffa52d58000 	C:\Windows\system32\PSAPI.DLL
0x00007ffa44a70000 - 0x00007ffa44a93000 	C:\Windows\SYSTEM32\WINMM.dll
0x00007ffa47550000 - 0x00007ffa47559000 	C:\Windows\SYSTEM32\WSOCK32.dll
0x00007ffa43ff0000 - 0x00007ffa4401c000 	C:\Windows\SYSTEM32\winmmbase.dll
0x00007ffa55600000 - 0x00007ffa55669000 	C:\Windows\system32\WS2_32.dll
0x00007ffa52780000 - 0x00007ffa527c4000 	C:\Windows\system32\cfgmgr32.dll
0x00007ffa54cf0000 - 0x00007ffa54cf8000 	C:\Windows\system32\NSI.dll
0x00007ffa50980000 - 0x00007ffa509a7000 	C:\Windows\SYSTEM32\DEVOBJ.dll
0x0000000062c70000 - 0x0000000062c7f000 	D:\Program Files\Myeclipse\binary\com.sun.java.jdk7.win32.x86_64_1.7.0.u45\jre\bin\verify.dll
0x0000000062c40000 - 0x0000000062c68000 	D:\Program Files\Myeclipse\binary\com.sun.java.jdk7.win32.x86_64_1.7.0.u45\jre\bin\java.dll
0x00000000629b0000 - 0x00000000629e5000 	D:\Program Files\Myeclipse\binary\com.sun.java.jdk7.win32.x86_64_1.7.0.u45\jre\bin\jdwp.dll
0x00000000629a0000 - 0x00000000629a8000 	D:\Program Files\Myeclipse\binary\com.sun.java.jdk7.win32.x86_64_1.7.0.u45\jre\bin\npt.dll
0x0000000062c20000 - 0x0000000062c35000 	D:\Program Files\Myeclipse\binary\com.sun.java.jdk7.win32.x86_64_1.7.0.u45\jre\bin\zip.dll
0x0000000062990000 - 0x0000000062999000 	D:\Program Files\Myeclipse\binary\com.sun.java.jdk7.win32.x86_64_1.7.0.u45\jre\bin\dt_socket.dll
0x00007ffa48a30000 - 0x00007ffa48a45000 	C:\Windows\system32\napinsp.dll
0x00007ffa48a50000 - 0x00007ffa48a6a000 	C:\Windows\system32\pnrpnsp.dll
0x00007ffa4fed0000 - 0x00007ffa4fee8000 	C:\Windows\system32\NLAapi.dll
0x00007ffa518c0000 - 0x00007ffa5191d000 	C:\Windows\System32\mswsock.dll
0x00007ffa51670000 - 0x00007ffa51718000 	C:\Windows\SYSTEM32\DNSAPI.dll
0x00007ffa48a70000 - 0x00007ffa48a7d000 	C:\Windows\System32\winrnr.dll
0x00007ffa4d190000 - 0x00007ffa4d1f8000 	C:\Windows\System32\fwpuclnt.dll
0x00007ffa51fe0000 - 0x00007ffa52008000 	C:\Windows\SYSTEM32\bcrypt.dll
0x00007ffa49f00000 - 0x00007ffa49f0a000 	C:\Windows\System32\rasadhlp.dll
0x0000000062c00000 - 0x0000000062c19000 	D:\Program Files\MyEclipse\binary\com.sun.java.jdk7.win32.x86_64_1.7.0.u45\jre\bin\net.dll
0x0000000062be0000 - 0x0000000062bf1000 	D:\Program Files\MyEclipse\binary\com.sun.java.jdk7.win32.x86_64_1.7.0.u45\jre\bin\nio.dll
0x00007ffa51920000 - 0x00007ffa51937000 	C:\Windows\SYSTEM32\CRYPTSP.dll
0x00007ffa51530000 - 0x00007ffa51563000 	C:\Windows\system32\rsaenh.dll
0x00007ffa51650000 - 0x00007ffa5166f000 	C:\Windows\SYSTEM32\USERENV.dll
0x00007ffa520b0000 - 0x00007ffa520c3000 	C:\Windows\system32\profapi.dll
0x00007ffa51e70000 - 0x00007ffa51edb000 	C:\Windows\system32\bcryptprimitives.dll
0x00007ffa51a90000 - 0x00007ffa51a9b000 	C:\Windows\SYSTEM32\CRYPTBASE.dll
0x00007ffa4ff60000 - 0x00007ffa4ff98000 	C:\Windows\SYSTEM32\IPHLPAPI.DLL
0x00007ffa4fef0000 - 0x00007ffa4fefb000 	C:\Windows\SYSTEM32\WINNSI.DLL
0x00007ffa48f20000 - 0x00007ffa490aa000 	C:\Windows\SYSTEM32\dbghelp.dll

VM Arguments:
jvm_args: -agentlib:jdwp=transport=dt_socket,suspend=y,address=localhost:52014 -Dfile.encoding=UTF-8 
java_command: org.eclipse.jdt.internal.junit.runner.RemoteTestRunner -version 3 -port 52013 -testLoaderClass org.eclipse.jdt.internal.junit4.runner.JUnit4TestLoader -loaderpluginname org.eclipse.jdt.junit4.runtime -classNames com.he.ontology.action.impl.CountTFIDF
Launcher Type: SUN_STANDARD

Environment Variables:
JAVA_HOME=D:\Java\jdk1.7.0_45
CLASSPATH=.;D:\Java\jdk1.7.0_45\lib\dt.jar;D:\Java\jdk1.7.0_45\lib\tools.jar
PATH=D:\Program Files\Myeclipse\binary\com.sun.java.jdk7.win32.x86_64_1.7.0.u45\jre\bin;C:\Windows\system32;C:\Windows;C:\Windows\System32\Wbem;C:\Windows\System32\WindowsPowerShell\v1.0\;D:\Program Files\TortoiseSVN\bin;d:\Program Files\Git\cmd;D:\Java\jdk1.7.0_45\bin;D:\Java\jdk1.7.0_45\jre\bin;D:\Java\apache-tomcat-7.0.57\lib;D:\Java\apache-tomcat-7.0.57\bin
USERNAME=LAB
OS=Windows_NT
PROCESSOR_IDENTIFIER=Intel64 Family 6 Model 60 Stepping 3, GenuineIntel



---------------  S Y S T E M  ---------------

OS: Windows 8 , 64 bit Build 9200 

CPU:total 4 (4 cores per cpu, 1 threads per core) family 6 model 60 stepping 3, cmov, cx8, fxsr, mmx, sse, sse2, sse3, ssse3, sse4.1, sse4.2, popcnt, avx, avx2, aes, erms, tsc, tscinvbit

Memory: 4k page, physical 4086336k(688624k free), swap 6838848k(1924580k free)

vm_info: Java HotSpot(TM) 64-Bit Server VM (24.45-b08) for windows-amd64 JRE (1.7.0_45-b18), built on Oct  8 2013 05:47:22 by "java_re" with unknown MS VC++:1600

time: Sun May 22 19:27:56 2016
elapsed time: 29 seconds

