#
# There is insufficient memory for the Java Runtime Environment to continue.
# Native memory allocation (malloc) failed to allocate 1476656 bytes for Chunk::new
# Possible reasons:
#   The system is out of physical RAM or swap space
#   In 32 bit mode, the process size limit was hit
# Possible solutions:
#   Reduce memory load on the system
#   Increase physical memory or swap space
#   Check if swap backing store is full
#   Use 64 bit Java on a 64 bit OS
#   Decrease Java heap size (-Xmx/-Xms)
#   Decrease number of Java threads
#   Decrease Java thread stack sizes (-Xss)
#   Set larger code cache with -XX:ReservedCodeCacheSize=
# This output file may be truncated or incomplete.
#
#  Out of Memory Error (allocation.cpp:323), pid=6804, tid=6596
#
# JRE version: Java(TM) SE Runtime Environment (7.0_45-b18) (build 1.7.0_45-b18)
# Java VM: Java HotSpot(TM) 64-Bit Server VM (24.45-b08 mixed mode windows-amd64 compressed oops)
# Failed to write core dump. Minidumps are not enabled by default on client versions of Windows
#

---------------  T H R E A D  ---------------

Current thread (0x000000000d3b5000):  JavaThread "C2 CompilerThread1" daemon [_thread_in_native, id=6596, stack(0x000000000da80000,0x000000000db80000)]

Stack: [0x000000000da80000,0x000000000db80000]

Current CompileTask:
C2:  10511  456             org.hibernate.engine.jdbc.internal.BasicFormatterImpl$FormatProcess::perform (479 bytes)


---------------  P R O C E S S  ---------------

Java Threads: ( => current thread )
  0x000000000e7c6800 JavaThread "Prototyper" daemon [_thread_blocked, id=6776, stack(0x00000000134f0000,0x00000000135f0000)]
  0x00000000101b9000 JavaThread "HouseKeeper" daemon [_thread_blocked, id=3196, stack(0x00000000133f0000,0x00000000134f0000)]
  0x000000000e879000 JavaThread "Thread-4" daemon [_thread_blocked, id=4124, stack(0x00000000132f0000,0x00000000133f0000)]
  0x000000000f34c800 JavaThread "Thread-3" daemon [_thread_blocked, id=8764, stack(0x00000000131f0000,0x00000000132f0000)]
  0x000000000e88c000 JavaThread "Thread-2" daemon [_thread_blocked, id=7700, stack(0x00000000130f0000,0x00000000131f0000)]
  0x0000000011d58800 JavaThread "Thread-1" daemon [_thread_blocked, id=4692, stack(0x0000000012ff0000,0x00000000130f0000)]
  0x000000000f464000 JavaThread "Abandoned connection cleanup thread" daemon [_thread_blocked, id=8688, stack(0x000000000f7f0000,0x000000000f8f0000)]
  0x000000000dd88800 JavaThread "ReaderThread" [_thread_in_native, id=560, stack(0x000000000e580000,0x000000000e680000)]
  0x000000000d3b9000 JavaThread "Service Thread" daemon [_thread_blocked, id=4196, stack(0x000000000db80000,0x000000000dc80000)]
=>0x000000000d3b5000 JavaThread "C2 CompilerThread1" daemon [_thread_in_native, id=6596, stack(0x000000000da80000,0x000000000db80000)]
  0x000000000b3bd000 JavaThread "C2 CompilerThread0" daemon [_thread_blocked, id=5256, stack(0x000000000d980000,0x000000000da80000)]
  0x000000000d3b4800 JavaThread "Attach Listener" daemon [_thread_blocked, id=8288, stack(0x000000000d880000,0x000000000d980000)]
  0x000000000b3b4000 JavaThread "Signal Dispatcher" daemon [_thread_blocked, id=8604, stack(0x000000000d780000,0x000000000d880000)]
  0x0000000002c10800 JavaThread "Finalizer" daemon [_thread_blocked, id=9100, stack(0x000000000d280000,0x000000000d380000)]
  0x000000000b3a6000 JavaThread "Reference Handler" daemon [_thread_blocked, id=2172, stack(0x000000000d180000,0x000000000d280000)]
  0x0000000002b23800 JavaThread "main" [_thread_in_native, id=5632, stack(0x0000000002980000,0x0000000002a80000)]

Other Threads:
  0x000000000b3a4000 VMThread [stack: 0x000000000d080000,0x000000000d180000] [id=6528]
  0x000000000d401000 WatcherThread [stack: 0x000000000dc80000,0x000000000dd80000] [id=6748]

VM state:not at safepoint (normal execution)

VM Mutex/Monitor currently owned by a thread: None

Heap
 PSYoungGen      total 77824K, used 38464K [0x00000007d5c00000, 0x00000007db300000, 0x0000000800000000)
  eden space 66560K, 45% used [0x00000007d5c00000,0x00000007d79a1ab0,0x00000007d9d00000)
  from space 11264K, 72% used [0x00000007da800000,0x00000007dafee800,0x00000007db300000)
  to   space 11264K, 0% used [0x00000007d9d00000,0x00000007d9d00000,0x00000007da800000)
 ParOldGen       total 86528K, used 9757K [0x0000000781400000, 0x0000000786880000, 0x00000007d5c00000)
  object space 86528K, 11% used [0x0000000781400000,0x0000000781d87720,0x0000000786880000)
 PSPermGen       total 28672K, used 28553K [0x000000077c200000, 0x000000077de00000, 0x0000000781400000)
  object space 28672K, 99% used [0x000000077c200000,0x000000077dde27b8,0x000000077de00000)

Card table byte_map: [0x0000000005ce0000,0x0000000006100000] byte_map_base: 0x00000000020ff000

Polling page: 0x0000000000e20000

Code Cache  [0x0000000002c20000, 0x0000000002e90000, 0x0000000005c20000)
 total_blobs=873 nmethods=448 adapters=376 free_code_cache=47424Kb largest_free_block=48507328

Compilation events (10 events):
Event: 10.313 Thread 0x000000000b3bd000  463             java.nio.CharBuffer::hasArray (20 bytes)
Event: 10.314 Thread 0x000000000b3bd000 nmethod 463 0x0000000002dd3610 code [0x0000000002dd3740, 0x0000000002dd37b8]
Event: 10.317 Thread 0x000000000b3bd000  464             java.nio.Buffer::flip (20 bytes)
Event: 10.318 Thread 0x000000000b3bd000 nmethod 464 0x0000000002dd3410 code [0x0000000002dd3540, 0x0000000002dd35b8]
Event: 10.320 Thread 0x000000000b3bd000  465             sun.nio.cs.UTF_8::updatePositions (23 bytes)
Event: 10.322 Thread 0x000000000b3bd000 nmethod 465 0x0000000002c9f2d0 code [0x0000000002c9f440, 0x0000000002c9f6d8]
Event: 10.322 Thread 0x000000000b3bd000  466             org.hibernate.engine.jdbc.internal.BasicFormatterImpl::access$000 (4 bytes)
Event: 10.322 Thread 0x000000000b3bd000 nmethod 466 0x0000000002dd3210 code [0x0000000002dd3340, 0x0000000002dd3398]
Event: 10.359 Thread 0x000000000b3bd000  467             java.util.Arrays::fill (21 bytes)
Event: 10.362 Thread 0x000000000b3bd000 nmethod 467 0x0000000002c9ef50 code [0x0000000002c9f0a0, 0x0000000002c9f1f8]

GC Heap History (10 events):
Event: 2.601 GC heap before
{Heap before GC invocations=2 (full 0):
 PSYoungGen      total 38400K, used 38382K [0x00000007d5c00000, 0x00000007d8680000, 0x0000000800000000)
  eden space 33280K, 100% used [0x00000007d5c00000,0x00000007d7c80000,0x00000007d7c80000)
  from space 5120K, 99% used [0x00000007d7c80000,0x00000007d817b8d0,0x00000007d8180000)
  to   space 5120K, 0% used [0x00000007d8180000,0x00000007d8180000,0x00000007d8680000)
 ParOldGen       total 86528K, used 255K [0x0000000781400000, 0x0000000786880000, 0x00000007d5c00000)
  object space 86528K, 0% used [0x0000000781400000,0x000000078143ff30,0x0000000786880000)
 PSPermGen       total 21504K, used 14591K [0x000000077c200000, 0x000000077d700000, 0x0000000781400000)
  object space 21504K, 67% used [0x000000077c200000,0x000000077d03fd98,0x000000077d700000)
Event: 2.612 GC heap after
Heap after GC invocations=2 (full 0):
 PSYoungGen      total 38400K, used 5112K [0x00000007d5c00000, 0x00000007d8680000, 0x0000000800000000)
  eden space 33280K, 0% used [0x00000007d5c00000,0x00000007d5c00000,0x00000007d7c80000)
  from space 5120K, 99% used [0x00000007d8180000,0x00000007d867e3b0,0x00000007d8680000)
  to   space 5120K, 0% used [0x00000007d7c80000,0x00000007d7c80000,0x00000007d8180000)
 ParOldGen       total 86528K, used 821K [0x0000000781400000, 0x0000000786880000, 0x00000007d5c00000)
  object space 86528K, 0% used [0x0000000781400000,0x00000007814cd6a0,0x0000000786880000)
 PSPermGen       total 21504K, used 14591K [0x000000077c200000, 0x000000077d700000, 0x0000000781400000)
  object space 21504K, 67% used [0x000000077c200000,0x000000077d03fd98,0x000000077d700000)
}
Event: 3.630 GC heap before
{Heap before GC invocations=3 (full 0):
 PSYoungGen      total 38400K, used 38392K [0x00000007d5c00000, 0x00000007d8680000, 0x0000000800000000)
  eden space 33280K, 100% used [0x00000007d5c00000,0x00000007d7c80000,0x00000007d7c80000)
  from space 5120K, 99% used [0x00000007d8180000,0x00000007d867e3b0,0x00000007d8680000)
  to   space 5120K, 0% used [0x00000007d7c80000,0x00000007d7c80000,0x00000007d8180000)
 ParOldGen       total 86528K, used 821K [0x0000000781400000, 0x0000000786880000, 0x00000007d5c00000)
  object space 86528K, 0% used [0x0000000781400000,0x00000007814cd6a0,0x0000000786880000)
 PSPermGen       total 21504K, used 19853K [0x000000077c200000, 0x000000077d700000, 0x0000000781400000)
  object space 21504K, 92% used [0x000000077c200000,0x000000077d5634e0,0x000000077d700000)
Event: 3.640 GC heap after
Heap after GC invocations=3 (full 0):
 PSYoungGen      total 38400K, used 5114K [0x00000007d5c00000, 0x00000007d8680000, 0x0000000800000000)
  eden space 33280K, 0% used [0x00000007d5c00000,0x00000007d5c00000,0x00000007d7c80000)
  from space 5120K, 99% used [0x00000007d7c80000,0x00000007d817ea08,0x00000007d8180000)
  to   space 5120K, 0% used [0x00000007d8180000,0x00000007d8180000,0x00000007d8680000)
 ParOldGen       total 86528K, used 5898K [0x0000000781400000, 0x0000000786880000, 0x00000007d5c00000)
  object space 86528K, 6% used [0x0000000781400000,0x00000007819c2ae8,0x0000000786880000)
 PSPermGen       total 21504K, used 19853K [0x000000077c200000, 0x000000077d700000, 0x0000000781400000)
  object space 21504K, 92% used [0x000000077c200000,0x000000077d5634e0,0x000000077d700000)
}
Event: 4.345 GC heap before
{Heap before GC invocations=4 (full 0):
 PSYoungGen      total 38400K, used 38394K [0x00000007d5c00000, 0x00000007d8680000, 0x0000000800000000)
  eden space 33280K, 100% used [0x00000007d5c00000,0x00000007d7c80000,0x00000007d7c80000)
  from space 5120K, 99% used [0x00000007d7c80000,0x00000007d817ea08,0x00000007d8180000)
  to   space 5120K, 0% used [0x00000007d8180000,0x00000007d8180000,0x00000007d8680000)
 ParOldGen       total 86528K, used 5898K [0x0000000781400000, 0x0000000786880000, 0x00000007d5c00000)
  object space 86528K, 6% used [0x0000000781400000,0x00000007819c2ae8,0x0000000786880000)
 PSPermGen       total 21504K, used 21248K [0x000000077c200000, 0x000000077d700000, 0x0000000781400000)
  object space 21504K, 98% used [0x000000077c200000,0x000000077d6c0230,0x000000077d700000)
Event: 4.374 GC heap after
Heap after GC invocations=4 (full 0):
 PSYoungGen      total 38400K, used 5097K [0x00000007d5c00000, 0x00000007da700000, 0x0000000800000000)
  eden space 33280K, 0% used [0x00000007d5c00000,0x00000007d5c00000,0x00000007d7c80000)
  from space 5120K, 99% used [0x00000007d8180000,0x00000007d867a7b8,0x00000007d8680000)
  to   space 5120K, 0% used [0x00000007d7c80000,0x00000007d7c80000,0x00000007d8180000)
 ParOldGen       total 86528K, used 6082K [0x0000000781400000, 0x0000000786880000, 0x00000007d5c00000)
  object space 86528K, 7% used [0x0000000781400000,0x00000007819f0988,0x0000000786880000)
 PSPermGen       total 21504K, used 21248K [0x000000077c200000, 0x000000077d700000, 0x0000000781400000)
  object space 21504K, 98% used [0x000000077c200000,0x000000077d6c0230,0x000000077d700000)
}
Event: 5.431 GC heap before
{Heap before GC invocations=5 (full 0):
 PSYoungGen      total 38400K, used 38377K [0x00000007d5c00000, 0x00000007da700000, 0x0000000800000000)
  eden space 33280K, 100% used [0x00000007d5c00000,0x00000007d7c80000,0x00000007d7c80000)
  from space 5120K, 99% used [0x00000007d8180000,0x00000007d867a7b8,0x00000007d8680000)
  to   space 5120K, 0% used [0x00000007d7c80000,0x00000007d7c80000,0x00000007d8180000)
 ParOldGen       total 86528K, used 6082K [0x0000000781400000, 0x0000000786880000, 0x00000007d5c00000)
  object space 86528K, 7% used [0x0000000781400000,0x00000007819f0988,0x0000000786880000)
 PSPermGen       total 26112K, used 25614K [0x000000077c200000, 0x000000077db80000, 0x0000000781400000)
  object space 26112K, 98% used [0x000000077c200000,0x000000077db03a78,0x000000077db80000)
Event: 5.464 GC heap after
Heap after GC invocations=5 (full 0):
 PSYoungGen      total 38400K, used 5113K [0x00000007d5c00000, 0x00000007db300000, 0x0000000800000000)
  eden space 33280K, 0% used [0x00000007d5c00000,0x00000007d5c00000,0x00000007d7c80000)
  from space 5120K, 99% used [0x00000007d7c80000,0x00000007d817e788,0x00000007d8180000)
  to   space 11264K, 0% used [0x00000007da800000,0x00000007da800000,0x00000007db300000)
 ParOldGen       total 86528K, used 9749K [0x0000000781400000, 0x0000000786880000, 0x00000007d5c00000)
  object space 86528K, 11% used [0x0000000781400000,0x0000000781d85720,0x0000000786880000)
 PSPermGen       total 26112K, used 25614K [0x000000077c200000, 0x000000077db80000, 0x0000000781400000)
  object space 26112K, 98% used [0x000000077c200000,0x000000077db03a78,0x000000077db80000)
}
Event: 6.240 GC heap before
{Heap before GC invocations=6 (full 0):
 PSYoungGen      total 38400K, used 38393K [0x00000007d5c00000, 0x00000007db300000, 0x0000000800000000)
  eden space 33280K, 100% used [0x00000007d5c00000,0x00000007d7c80000,0x00000007d7c80000)
  from space 5120K, 99% used [0x00000007d7c80000,0x00000007d817e788,0x00000007d8180000)
  to   space 11264K, 0% used [0x00000007da800000,0x00000007da800000,0x00000007db300000)
 ParOldGen       total 86528K, used 9749K [0x0000000781400000, 0x0000000786880000, 0x00000007d5c00000)
  object space 86528K, 11% used [0x0000000781400000,0x0000000781d85720,0x0000000786880000)
 PSPermGen       total 27648K, used 27407K [0x000000077c200000, 0x000000077dd00000, 0x0000000781400000)
  object space 27648K, 99% used [0x000000077c200000,0x000000077dcc3ce8,0x000000077dd00000)
Event: 6.257 GC heap after
Heap after GC invocations=6 (full 0):
 PSYoungGen      total 77824K, used 8122K [0x00000007d5c00000, 0x00000007db300000, 0x0000000800000000)
  eden space 66560K, 0% used [0x00000007d5c00000,0x00000007d5c00000,0x00000007d9d00000)
  from space 11264K, 72% used [0x00000007da800000,0x00000007dafee800,0x00000007db300000)
  to   space 11264K, 0% used [0x00000007d9d00000,0x00000007d9d00000,0x00000007da800000)
 ParOldGen       total 86528K, used 9757K [0x0000000781400000, 0x0000000786880000, 0x00000007d5c00000)
  object space 86528K, 11% used [0x0000000781400000,0x0000000781d87720,0x0000000786880000)
 PSPermGen       total 27648K, used 27407K [0x000000077c200000, 0x000000077dd00000, 0x0000000781400000)
  object space 27648K, 99% used [0x000000077c200000,0x000000077dcc3ce8,0x000000077dd00000)
}

Deoptimization events (10 events):
Event: 5.806 Thread 0x0000000002b23800 Uncommon trap: reason=unreached action=reinterpret pc=0x0000000002cea660 method=java.lang.Class.searchMethods([Ljava/lang/reflect/Method;Ljava/lang/String;[Ljava/lang/Class;)Ljava/lang/reflect/Method; @ 47
Event: 5.810 Thread 0x0000000002b23800 Uncommon trap: reason=unreached action=reinterpret pc=0x0000000002c9efe0 method=java.lang.reflect.Method.equals(Ljava/lang/Object;)Z @ 92
Event: 5.881 Thread 0x0000000002b23800 Uncommon trap: reason=class_check action=maybe_recompile pc=0x0000000002d23b18 method=org.springframework.asm.ClassReader.accept(Lorg/springframework/asm/ClassVisitor;[Lorg/springframework/asm/Attribute;I)V @ 776
Event: 5.983 Thread 0x0000000002b23800 Uncommon trap: reason=class_check action=maybe_recompile pc=0x0000000002d23b18 method=org.springframework.asm.ClassReader.accept(Lorg/springframework/asm/ClassVisitor;[Lorg/springframework/asm/Attribute;I)V @ 776
Event: 5.999 Thread 0x0000000002b23800 Uncommon trap: reason=class_check action=maybe_recompile pc=0x0000000002d23b18 method=org.springframework.asm.ClassReader.accept(Lorg/springframework/asm/ClassVisitor;[Lorg/springframework/asm/Attribute;I)V @ 776
Event: 6.017 Thread 0x0000000002b23800 Uncommon trap: reason=class_check action=maybe_recompile pc=0x0000000002d23b18 method=org.springframework.asm.ClassReader.accept(Lorg/springframework/asm/ClassVisitor;[Lorg/springframework/asm/Attribute;I)V @ 776
Event: 6.300 Thread 0x0000000002b23800 Uncommon trap: reason=predicate action=maybe_recompile pc=0x0000000002d6d508 method=java.util.Arrays$ArrayList.indexOf(Ljava/lang/Object;)I @ 46
Event: 6.961 Thread 0x0000000002b23800 Uncommon trap: reason=unloaded action=reinterpret pc=0x0000000002ca3d04 method=java.util.ArrayList.rangeCheck(I)V @ 8
Event: 7.498 Thread 0x0000000002b23800 Uncommon trap: reason=unloaded action=reinterpret pc=0x0000000002ca4254 method=java.util.ArrayList.rangeCheck(I)V @ 8
Event: 8.076 Thread 0x0000000002b23800 Uncommon trap: reason=predicate action=maybe_recompile pc=0x0000000002daf228 method=java.util.Arrays.fill([Ljava/lang/Object;Ljava/lang/Object;)V @ 10

Internal exceptions (10 events):
Event: 6.636 Thread 0x0000000002b23800 Threw 0x00000007d6bb5028 at C:\re\jdk7u45\229\hotspot\src\share\vm\prims\jvm.cpp:1244
Event: 6.637 Thread 0x0000000002b23800 Threw 0x00000007d6bba3d8 at C:\re\jdk7u45\229\hotspot\src\share\vm\prims\jvm.cpp:1244
Event: 6.637 Thread 0x0000000002b23800 Threw 0x00000007d6bc1a40 at C:\re\jdk7u45\229\hotspot\src\share\vm\prims\jvm.cpp:1244
Event: 6.638 Thread 0x0000000002b23800 Threw 0x00000007d6bc74b8 at C:\re\jdk7u45\229\hotspot\src\share\vm\prims\jvm.cpp:1244
Event: 6.638 Thread 0x0000000002b23800 Threw 0x00000007d6bd2b68 at C:\re\jdk7u45\229\hotspot\src\share\vm\prims\jvm.cpp:1244
Event: 6.638 Thread 0x0000000002b23800 Threw 0x00000007d6bdc4e0 at C:\re\jdk7u45\229\hotspot\src\share\vm\prims\jvm.cpp:1244
Event: 6.638 Thread 0x0000000002b23800 Threw 0x00000007d6bdcfc8 at C:\re\jdk7u45\229\hotspot\src\share\vm\prims\jvm.cpp:1244
Event: 6.638 Thread 0x0000000002b23800 Threw 0x00000007d6be6710 at C:\re\jdk7u45\229\hotspot\src\share\vm\prims\jvm.cpp:1244
Event: 6.639 Thread 0x0000000002b23800 Threw 0x00000007d6be76b0 at C:\re\jdk7u45\229\hotspot\src\share\vm\prims\jvm.cpp:1244
Event: 6.639 Thread 0x0000000002b23800 Threw 0x00000007d6bf0098 at C:\re\jdk7u45\229\hotspot\src\share\vm\prims\jvm.cpp:1244

Events (10 events):
Event: 7.498 Thread 0x0000000002b23800 DEOPT PACKING pc=0x0000000002ca4254 sp=0x0000000002a7dc20
Event: 7.498 Thread 0x0000000002b23800 DEOPT UNPACKING pc=0x0000000002c575a4 sp=0x0000000002a7dbd0 mode 2
Event: 7.531 Thread 0x000000000d3b5000 flushing nmethod 0x0000000002cfdd10
Event: 8.076 Thread 0x0000000002b23800 Uncommon trap: trap_request=0xffffff86 fr.pc=0x0000000002daf228
Event: 8.076 Thread 0x0000000002b23800 DEOPT PACKING pc=0x0000000002daf228 sp=0x0000000002a7dd00
Event: 8.076 Thread 0x0000000002b23800 DEOPT UNPACKING pc=0x0000000002c575a4 sp=0x0000000002a7dca0 mode 2
Event: 8.547 Thread 0x000000000b3bd000 flushing nmethod 0x0000000002c92490
Event: 8.699 Thread 0x000000000b3bd000 flushing nmethod 0x0000000002cafc10
Event: 10.305 Thread 0x000000000b3bd000 flushing nmethod 0x0000000002c9e710
Event: 10.362 Thread 0x000000000b3bd000 flushing nmethod 0x0000000002ce9f10


Dynamic libraries:
0x00007ff699210000 - 0x00007ff699243000 	D:\Program Files\Myeclipse\binary\com.sun.java.jdk7.win32.x86_64_1.7.0.u45\bin\javaw.exe
0x00007ff9a6fe0000 - 0x00007ff9a71a2000 	C:\Windows\SYSTEM32\ntdll.dll
0x00007ff9a6830000 - 0x00007ff9a68dd000 	C:\Windows\system32\KERNEL32.DLL
0x00007ff9a44d0000 - 0x00007ff9a46ad000 	C:\Windows\system32\KERNELBASE.dll
0x00007ff9a68e0000 - 0x00007ff9a6986000 	C:\Windows\system32\ADVAPI32.dll
0x00007ff9a6710000 - 0x00007ff9a67ad000 	C:\Windows\system32\msvcrt.dll
0x00007ff9a4a50000 - 0x00007ff9a4aab000 	C:\Windows\system32\sechost.dll
0x00007ff9a6100000 - 0x00007ff9a6226000 	C:\Windows\system32\RPCRT4.dll
0x00007ff9a48f0000 - 0x00007ff9a4a3e000 	C:\Windows\system32\USER32.dll
0x00007ff9a63f0000 - 0x00007ff9a6575000 	C:\Windows\system32\GDI32.dll
0x00007ff99fbb0000 - 0x00007ff99fe24000 	C:\Windows\WinSxS\amd64_microsoft.windows.common-controls_6595b64144ccf1df_6.0.10240.16384_none_f41f7b285750ef43\COMCTL32.dll
0x00007ff9a5fe0000 - 0x00007ff9a6016000 	C:\Windows\system32\IMM32.DLL
0x00007ff9a6290000 - 0x00007ff9a63ec000 	C:\Windows\system32\MSCTF.dll
0x0000000075fa0000 - 0x0000000076072000 	D:\Program Files\Myeclipse\binary\com.sun.java.jdk7.win32.x86_64_1.7.0.u45\jre\bin\msvcr100.dll
0x00000000757d0000 - 0x0000000075f99000 	D:\Program Files\Myeclipse\binary\com.sun.java.jdk7.win32.x86_64_1.7.0.u45\jre\bin\server\jvm.dll
0x00007ff9a4a40000 - 0x00007ff9a4a48000 	C:\Windows\system32\PSAPI.DLL
0x00007ff99a5a0000 - 0x00007ff99a5a9000 	C:\Windows\SYSTEM32\WSOCK32.dll
0x00007ff99e730000 - 0x00007ff99e753000 	C:\Windows\SYSTEM32\WINMM.dll
0x00007ff9a6580000 - 0x00007ff9a65e9000 	C:\Windows\system32\WS2_32.dll
0x00007ff9a67b0000 - 0x00007ff9a67b8000 	C:\Windows\system32\NSI.dll
0x00007ff99e700000 - 0x00007ff99e72c000 	C:\Windows\SYSTEM32\WINMMBASE.dll
0x00007ff9a4420000 - 0x00007ff9a4464000 	C:\Windows\system32\cfgmgr32.dll
0x00007ff9a22e0000 - 0x00007ff9a2307000 	C:\Windows\SYSTEM32\DEVOBJ.dll
0x00000000763b0000 - 0x00000000763bf000 	D:\Program Files\Myeclipse\binary\com.sun.java.jdk7.win32.x86_64_1.7.0.u45\jre\bin\verify.dll
0x00000000757a0000 - 0x00000000757c8000 	D:\Program Files\Myeclipse\binary\com.sun.java.jdk7.win32.x86_64_1.7.0.u45\jre\bin\java.dll
0x0000000075780000 - 0x0000000075795000 	D:\Program Files\Myeclipse\binary\com.sun.java.jdk7.win32.x86_64_1.7.0.u45\jre\bin\zip.dll
0x0000000075760000 - 0x0000000075779000 	D:\Program Files\Myeclipse\binary\com.sun.java.jdk7.win32.x86_64_1.7.0.u45\jre\bin\net.dll
0x00007ff9a3210000 - 0x00007ff9a326d000 	C:\Windows\system32\mswsock.dll
0x0000000075740000 - 0x0000000075751000 	D:\Program Files\Myeclipse\binary\com.sun.java.jdk7.win32.x86_64_1.7.0.u45\jre\bin\nio.dll
0x00007ff9a3270000 - 0x00007ff9a3287000 	C:\Windows\SYSTEM32\CRYPTSP.dll
0x00007ff9a38a0000 - 0x00007ff9a38c8000 	C:\Windows\SYSTEM32\bcrypt.dll
0x00007ff9a2ee0000 - 0x00007ff9a2f13000 	C:\Windows\system32\rsaenh.dll
0x00007ff9a2fa0000 - 0x00007ff9a2fbf000 	C:\Windows\SYSTEM32\USERENV.dll
0x00007ff9a3a10000 - 0x00007ff9a3a23000 	C:\Windows\system32\profapi.dll
0x00007ff9a3830000 - 0x00007ff9a389b000 	C:\Windows\system32\bcryptprimitives.dll
0x00007ff9a3460000 - 0x00007ff9a346b000 	C:\Windows\SYSTEM32\CRYPTBASE.dll
0x00007ff998060000 - 0x00007ff998075000 	C:\Windows\system32\napinsp.dll
0x00007ff998080000 - 0x00007ff99809a000 	C:\Windows\system32\pnrpnsp.dll
0x00007ff9a1750000 - 0x00007ff9a1768000 	C:\Windows\system32\NLAapi.dll
0x00007ff9a2fc0000 - 0x00007ff9a3068000 	C:\Windows\SYSTEM32\DNSAPI.dll
0x00007ff9980a0000 - 0x00007ff9980ad000 	C:\Windows\System32\winrnr.dll
0x00007ff998e10000 - 0x00007ff998e25000 	C:\Windows\system32\wshbth.dll
0x00007ff999150000 - 0x00007ff99915a000 	C:\Windows\System32\rasadhlp.dll
0x00007ff99e9f0000 - 0x00007ff99ea28000 	C:\Windows\SYSTEM32\IPHLPAPI.DLL
0x00007ff99f830000 - 0x00007ff99f83b000 	C:\Windows\SYSTEM32\WINNSI.DLL
0x00007ff99e840000 - 0x00007ff99e8a8000 	C:\Windows\System32\fwpuclnt.dll

VM Arguments:
jvm_args: -Dfile.encoding=UTF-8 
java_command: org.eclipse.jdt.internal.junit.runner.RemoteTestRunner -version 3 -port 53679 -testLoaderClass org.eclipse.jdt.internal.junit4.runner.JUnit4TestLoader -loaderpluginname org.eclipse.jdt.junit4.runtime -classNames com.he.ontology.action.impl.GenSingleDifficult
Launcher Type: SUN_STANDARD

Environment Variables:
JAVA_HOME=D:\Java\jdk1.7.0_65
CLASSPATH=.;D:\Java\jdk1.7.0_65\lib\dt.jar;D:\Java\jdk1.7.0_65\lib\tools.jar
PATH=C:\Windows\system32;C:\Windows;C:\Windows\System32\Wbem;C:\Windows\System32\WindowsPowerShell\v1.0\;C:\Program Files (x86)\NVIDIA Corporation\PhysX\Common;D:\Java\jdk1.7.0_65\bin;D:\Java\jdk1.7.0_65\jre\bin;D:\Java\apache-tomcat-7.0.47\lib;D:\Java\apache-tomcat-7.0.47\bin;D:\Java\apache-maven-3.2.3\bin;C:\Program Files\Lenovo\Bluetooth Software\;C:\Program Files\Lenovo\Bluetooth Software\syswow64;
USERNAME=HXF
OS=Windows_NT
PROCESSOR_IDENTIFIER=Intel64 Family 6 Model 60 Stepping 3, GenuineIntel



---------------  S Y S T E M  ---------------

OS: Windows 8 , 64 bit Build 9200 

CPU:total 8 (4 cores per cpu, 2 threads per core) family 6 model 60 stepping 3, cmov, cx8, fxsr, mmx, sse, sse2, sse3, ssse3, sse4.1, sse4.2, popcnt, avx, avx2, aes, erms, ht, tsc, tscinvbit

Memory: 4k page, physical 8298776k(2472484k free), swap 14442776k(5088k free)

vm_info: Java HotSpot(TM) 64-Bit Server VM (24.45-b08) for windows-amd64 JRE (1.7.0_45-b18), built on Oct  8 2013 05:47:22 by "java_re" with unknown MS VC++:1600

time: Fri Jul 15 19:05:24 2016
elapsed time: 10 seconds

